# JRE version: Java(TM) SE Runtime Environment (8.0_131-b11) (build 1.8.0_131-b11)
# Java VM: Java HotSpot(TM) Client VM (25.131-b11 mixed mode windows-x86 )
Heap:
 def new generation   total 4928K, used 3109K [0x04a00000, 0x04f50000, 0x09f50000)
  eden space 4416K,  58% used [0x04a00000, 0x04c89618, 0x04e50000)
  from space 512K,  99% used [0x04ed0000, 0x04f4fed0, 0x04f50000)
  to   space 512K,   0% used [0x04e50000, 0x04e50000, 0x04ed0000)
 tenured generation   total 10944K, used 4647K [0x09f50000, 0x0aa00000, 0x14a00000)
   the space 10944K,  42% used [0x09f50000, 0x0a3d9c28, 0x0a3d9e00, 0x0aa00000)
 Metaspace       used 7093K, capacity 7207K, committed 7296K, reserved 7552K
GC Heap History (10 events):
Event: 0.496 GC heap before
{Heap before GC invocations=8 (full 0):
 def new generation   total 4928K, used 4928K [0x04a00000, 0x04f50000, 0x09f50000)
  eden space 4416K, 100% used [0x04a00000, 0x04e50000, 0x04e50000)
  from space 512K, 100% used [0x04e50000, 0x04ed0000, 0x04ed0000)
  to   space 512K,   0% used [0x04ed0000, 0x04ed0000, 0x04f50000)
 tenured generation   total 10944K, used 3111K [0x09f50000, 0x0aa00000, 0x14a00000)
   the space 10944K,  28% used [0x09f50000, 0x0a259dc0, 0x0a259e00, 0x0aa00000)
 Metaspace       used 5520K, capacity 5594K, committed 5632K, reserved 6528K
Event: 0.497 GC heap after
Heap after GC invocations=9 (full 0):
 def new generation   total 4928K, used 512K [0x04a00000, 0x04f50000, 0x09f50000)
  eden space 4416K,   0% used [0x04a00000, 0x04a00000, 0x04e50000)
  from space 512K, 100% used [0x04ed0000, 0x04f50000, 0x04f50000)
  to   space 512K,   0% used [0x04e50000, 0x04e50000, 0x04ed0000)
 tenured generation   total 10944K, used 3469K [0x09f50000, 0x0aa00000, 0x14a00000)
   the space 10944K,  31% used [0x09f50000, 0x0a2b37d0, 0x0a2b3800, 0x0aa00000)
 Metaspace       used 5520K, capacity 5594K, committed 5632K, reserved 6528K
}
Event: 0.534 GC heap before
{Heap before GC invocations=9 (full 0):
 def new generation   total 4928K, used 4928K [0x04a00000, 0x04f50000, 0x09f50000)
  eden space 4416K, 100% used [0x04a00000, 0x04e50000, 0x04e50000)
  from space 512K, 100% used [0x04ed0000, 0x04f50000, 0x04f50000)
  to   space 512K,   0% used [0x04e50000, 0x04e50000, 0x04ed0000)
 tenured generation   total 10944K, used 3469K [0x09f50000, 0x0aa00000, 0x14a00000)
   the space 10944K,  31% used [0x09f50000, 0x0a2b37d0, 0x0a2b3800, 0x0aa00000)
 Metaspace       used 5914K, capacity 5985K, committed 6016K, reserved 6528K
Event: 0.535 GC heap after
Heap after GC invocations=10 (full 0):
 def new generation   total 4928K, used 512K [0x04a00000, 0x04f50000, 0x09f50000)
  eden space 4416K,   0% used [0x04a00000, 0x04a00000, 0x04e50000)
  from space 512K, 100% used [0x04e50000, 0x04ed0000, 0x04ed0000)
  to   space 512K,   0% used [0x04ed0000, 0x04ed0000, 0x04f50000)
 tenured generation   total 10944K, used 3725K [0x09f50000, 0x0aa00000, 0x14a00000)
   the space 10944K,  34% used [0x09f50000, 0x0a2f3410, 0x0a2f3600, 0x0aa00000)
 Metaspace       used 5914K, capacity 5985K, committed 6016K, reserved 6528K
}
Event: 0.574 GC heap before
{Heap before GC invocations=10 (full 0):
 def new generation   total 4928K, used 4928K [0x04a00000, 0x04f50000, 0x09f50000)
  eden space 4416K, 100% used [0x04a00000, 0x04e50000, 0x04e50000)
  from space 512K, 100% used [0x04e50000, 0x04ed0000, 0x04ed0000)
  to   space 512K,   0% used [0x04ed0000, 0x04ed0000, 0x04f50000)
 tenured generation   total 10944K, used 3725K [0x09f50000, 0x0aa00000, 0x14a00000)
   the space 10944K,  34% used [0x09f50000, 0x0a2f3410, 0x0a2f3600, 0x0aa00000)
 Metaspace       used 6292K, capacity 6371K, committed 6400K, reserved 6528K
Event: 0.575 GC heap after
Heap after GC invocations=11 (full 0):
 def new generation   total 4928K, used 512K [0x04a00000, 0x04f50000, 0x09f50000)
  eden space 4416K,   0% used [0x04a00000, 0x04a00000, 0x04e50000)
  from space 512K, 100% used [0x04ed0000, 0x04f50000, 0x04f50000)
  to   space 512K,   0% used [0x04e50000, 0x04e50000, 0x04ed0000)
 tenured generation   total 10944K, used 3966K [0x09f50000, 0x0aa00000, 0x14a00000)
   the space 10944K,  36% used [0x09f50000, 0x0a32f828, 0x0a32fa00, 0x0aa00000)
 Metaspace       used 6292K, capacity 6371K, committed 6400K, reserved 6528K
}
Event: 0.619 GC heap before
{Heap before GC invocations=11 (full 0):
 def new generation   total 4928K, used 4928K [0x04a00000, 0x04f50000, 0x09f50000)
  eden space 4416K, 100% used [0x04a00000, 0x04e50000, 0x04e50000)
  from space 512K, 100% used [0x04ed0000, 0x04f50000, 0x04f50000)
  to   space 512K,   0% used [0x04e50000, 0x04e50000, 0x04ed0000)
 tenured generation   total 10944K, used 3966K [0x09f50000, 0x0aa00000, 0x14a00000)
   the space 10944K,  36% used [0x09f50000, 0x0a32f828, 0x0a32fa00, 0x0aa00000)
 Metaspace       used 6602K, capacity 6663K, committed 6784K, reserved 7552K
Event: 0.620 GC heap after
Heap after GC invocations=12 (full 0):
 def new generation   total 4928K, used 511K [0x04a00000, 0x04f50000, 0x09f50000)
  eden space 4416K,   0% used [0x04a00000, 0x04a00000, 0x04e50000)
  from space 512K,  99% used [0x04e50000, 0x04ecfff8, 0x04ed0000)
  to   space 512K,   0% used [0x04ed0000, 0x04ed0000, 0x04f50000)
 tenured generation   total 10944K, used 4317K [0x09f50000, 0x0aa00000, 0x14a00000)
   the space 10944K,  39% used [0x09f50000, 0x0a387578, 0x0a387600, 0x0aa00000)
 Metaspace       used 6602K, capacity 6663K, committed 6784K, reserved 7552K
}
Event: 0.658 GC heap before
{Heap before GC invocations=12 (full 0):
 def new generation   total 4928K, used 4927K [0x04a00000, 0x04f50000, 0x09f50000)
  eden space 4416K, 100% used [0x04a00000, 0x04e50000, 0x04e50000)
  from space 512K,  99% used [0x04e50000, 0x04ecfff8, 0x04ed0000)
  to   space 512K,   0% used [0x04ed0000, 0x04ed0000, 0x04f50000)
 tenured generation   total 10944K, used 4317K [0x09f50000, 0x0aa00000, 0x14a00000)
   the space 10944K,  39% used [0x09f50000, 0x0a387578, 0x0a387600, 0x0aa00000)
 Metaspace       used 6902K, capacity 6983K, committed 7040K, reserved 7552K
Event: 0.659 GC heap after
Heap after GC invocations=13 (full 0):
 def new generation   total 4928K, used 511K [0x04a00000, 0x04f50000, 0x09f50000)
  eden space 4416K,   0% used [0x04a00000, 0x04a00000, 0x04e50000)
  from space 512K,  99% used [0x04ed0000, 0x04f4fed0, 0x04f50000)
  to   space 512K,   0% used [0x04e50000, 0x04e50000, 0x04ed0000)
 tenured generation   total 10944K, used 4647K [0x09f50000, 0x0aa00000, 0x14a00000)
   the space 10944K,  42% used [0x09f50000, 0x0a3d9c28, 0x0a3d9e00, 0x0aa00000)
 Metaspace       used 6902K, capacity 6983K, committed 7040K, reserved 7552K
}

